<?xml version="1.0" encoding="UTF-8"?>
<!-- Generated by org.testng.reporters.JUnitReportReporter -->
<testsuite hostname="DESKTOP-L9361S2" failures="0" tests="1" name="testScript.SignInTest" time="12.619" errors="0" timestamp="2025-04-02T02:14:26 IST" skipped="0">
  <testcase classname="testScript.SignInTest" name="loginwithvalidcardentials" time="12.619"/>
</testsuite> <!-- testScript.SignInTest -->
