<?xml version="1.0" encoding="UTF-8"?>
<!-- Generated by org.testng.reporters.JUnitReportReporter -->
<testsuite hostname="DESKTOP-L9361S2" failures="0" tests="1" name="testScript.TryNowTest" time="14.941" errors="0" timestamp="2025-04-02T03:13:22 IST" skipped="0">
  <testcase classname="testScript.TryNowTest" name="AddtocartProcess" time="14.941"/>
</testsuite> <!-- testScript.TryNowTest -->
