<?xml version="1.0" encoding="UTF-8"?>
<!-- Generated by org.testng.reporters.JUnitReportReporter -->
<testsuite hostname="DESKTOP-L9361S2" failures="0" tests="1" name="testScript.SignupTest" time="12.856" errors="0" timestamp="2025-04-02T02:03:18 IST" skipped="0">
  <testcase classname="testScript.SignupTest" name="signUp" time="12.856"/>
</testsuite> <!-- testScript.SignupTest -->
